<?xml version="1.0" encoding="UTF-8" standalone="no"?>
<testng-results failed="0" passed="2" skipped="0" total="2">
    <suite duration-ms="21136" name="io.cucumber.core.plugin.TestNGFormatter">
        <test duration-ms="21136" name="io.cucumber.core.plugin.TestNGFormatter">
            <class name="this feature is to get the CEO name from the OrangeHRM app">
                <test-method duration-ms="18605" finished-at="2026-02-21T07:24:21.952722200Z" name="this test is to verify the CEO name" started-at="2026-02-21T07:24:03.337196Z" status="PASS"/>
            </class>
            <class name="This feature is to get pending timesheet">
                <test-method duration-ms="2224" finished-at="2026-02-21T07:24:24.210944500Z" name="This test is to very the pending timesheet" started-at="2026-02-21T07:24:21.985691Z" status="PASS"/>
            </class>
        </test>
    </suite>
</testng-results>
