<?xml version="1.0" encoding="UTF-8"?>
<testng-results ignored="0" total="2" passed="2" failed="0" skipped="0">
  <reporter-output>
  </reporter-output>
  <suite started-at="2026-02-21T17:15:26 IST" name="Default suite" finished-at="2026-02-21T17:15:55 IST" duration-ms="29285">
    <groups>
      <group name="cucumber">
        <method signature="AbstractTestNGCucumberTests.runScenario(io.cucumber.testng.PickleWrapper,io.cucumber.testng.FeatureWrapper)[pri:0, instance:orangeHRM_Runner.Job_runner@c03cf28]" name="runScenario" class="io.cucumber.testng.AbstractTestNGCucumberTests"/>
      </group> <!-- cucumber -->
    </groups>
    <test started-at="2026-02-21T17:15:26 IST" name="Default test" finished-at="2026-02-21T17:15:55 IST" duration-ms="29285">
      <class name="orangeHRM_Runner.Job_runner">
        <test-method is-config="true" signature="setUpClass(org.testng.ITestContext)[pri:0, instance:orangeHRM_Runner.Job_runner@c03cf28]" started-at="2026-02-21T17:15:26 IST" name="setUpClass" finished-at="2026-02-21T17:15:28 IST" duration-ms="1433" status="PASS">
          <params>
            <param index="0">
              <value>
                <![CDATA[org.testng.TestRunner@7b2dd35d]]>
              </value>
            </param>
          </params>
          <reporter-output>
          </reporter-output>
        </test-method> <!-- setUpClass -->
        <test-method signature="runScenario(io.cucumber.testng.PickleWrapper,io.cucumber.testng.FeatureWrapper)[pri:0, instance:orangeHRM_Runner.Job_runner@c03cf28]" started-at="2026-02-21T17:15:28 IST" name="runScenario" description="Runs Cucumber Scenarios" data-provider="scenarios" finished-at="2026-02-21T17:15:45 IST" duration-ms="17227" status="PASS">
          <params>
            <param index="0">
              <value>
                <![CDATA["this test is to verify the CEO name"]]>
              </value>
            </param>
            <param index="1">
              <value>
                <![CDATA["this feature is to get the CEO name from the OrangeHRM app"]]>
              </value>
            </param>
          </params>
          <reporter-output>
          </reporter-output>
        </test-method> <!-- runScenario -->
        <test-method signature="runScenario(io.cucumber.testng.PickleWrapper,io.cucumber.testng.FeatureWrapper)[pri:0, instance:orangeHRM_Runner.Job_runner@c03cf28]" started-at="2026-02-21T17:15:45 IST" name="runScenario" description="Runs Cucumber Scenarios" data-provider="scenarios" finished-at="2026-02-21T17:15:48 IST" duration-ms="3006" status="PASS">
          <params>
            <param index="0">
              <value>
                <![CDATA["This test is to very the pending timesheet"]]>
              </value>
            </param>
            <param index="1">
              <value>
                <![CDATA["This feature is to get pending timesheet"]]>
              </value>
            </param>
          </params>
          <reporter-output>
          </reporter-output>
        </test-method> <!-- runScenario -->
        <test-method is-config="true" signature="tearDownClass()[pri:0, instance:orangeHRM_Runner.Job_runner@c03cf28]" started-at="2026-02-21T17:15:48 IST" name="tearDownClass" finished-at="2026-02-21T17:15:55 IST" duration-ms="7501" status="PASS">
          <reporter-output>
          </reporter-output>
        </test-method> <!-- tearDownClass -->
      </class> <!-- orangeHRM_Runner.Job_runner -->
    </test> <!-- Default test -->
  </suite> <!-- Default suite -->
</testng-results>
